<?xml version="1.0" encoding="UTF-8"?>
<testsuite name="Register E2E test" tests="1" skipped="0" failures="0" errors="0" timestamp="2022-03-27T16:10:27" hostname="alexander-UX310UAR" time="1.371">
  <properties/>
  <testcase name="User interaction with registration" classname="edu.platform.e2e.RegisterEndToEndTest" time="1.371"/>
  <system-out><![CDATA[]]></system-out>
  <system-err><![CDATA[]]></system-err>
</testsuite>
